timestamp: 2021-05-07T19:33:20.674913
CREATE TABLE "auth_user"(
    "id" INTEGER PRIMARY KEY AUTOINCREMENT,
    "username" CHAR(512) UNIQUE,
    "email" CHAR(512) UNIQUE,
    "password" CHAR(512),
    "first_name" CHAR(512),
    "last_name" CHAR(512),
    "sso_id" CHAR(512),
    "action_token" CHAR(512),
    "last_password_change" TIMESTAMP,
    "past_passwords_hash" TEXT
);
success!
timestamp: 2021-05-07T19:33:20.678338
CREATE TABLE "auth_user_tag_groups"(
    "id" INTEGER PRIMARY KEY AUTOINCREMENT,
    "path" CHAR(512),
    "record_id" INTEGER REFERENCES "auth_user" ("id") ON DELETE CASCADE  
);
success!
timestamp: 2021-05-07T19:33:20.789446
CREATE TABLE "user"(
    "id" INTEGER PRIMARY KEY AUTOINCREMENT,
    "user_id" CHAR(512),
    "running_score" INTEGER,
    "lives" INTEGER,
    "winners" TEXT,
    "score_to_save" INTEGER,
    "is_solved" CHAR(1),
    "is_end" CHAR(1),
    "is_saved" CHAR(1),
    "start_time" TIMESTAMP,
    "best_hand_name" CHAR(512),
    "end_time" TIMESTAMP
);
success!
timestamp: 2021-05-07T19:33:20.792784
CREATE TABLE "leaderboard"(
    "id" INTEGER PRIMARY KEY AUTOINCREMENT,
    "user_id" CHAR(512),
    "user_name" CHAR(512),
    "score" INTEGER,
    "lives" INTEGER,
    "start_time" TIMESTAMP,
    "end_time" TIMESTAMP
);
success!
